[debug] [2022-10-07T09:51:36.206Z] ----------------------------------------------------------------------
[debug] [2022-10-07T09:51:36.207Z] Command:       C:\Program Files\nodejs\node.exe C:\Users\Ashik E Elahi\AppData\Roaming\npm\node_modules\firebase-tools\lib\bin\firebase.js init
[debug] [2022-10-07T09:51:36.208Z] CLI Version:   11.13.0
[debug] [2022-10-07T09:51:36.208Z] Platform:      win32
[debug] [2022-10-07T09:51:36.208Z] Node Version:  v16.17.1
[debug] [2022-10-07T09:51:36.208Z] Time:          Fri Oct 07 2022 15:51:36 GMT+0600 (Bangladesh Standard Time)
[debug] [2022-10-07T09:51:36.209Z] ----------------------------------------------------------------------
[debug] 
[debug] [2022-10-07T09:51:36.216Z] > command requires scopes: ["email","openid","https://www.googleapis.com/auth/cloudplatformprojects.readonly","https://www.googleapis.com/auth/firebase","https://www.googleapis.com/auth/cloud-platform"]
[debug] [2022-10-07T09:51:36.217Z] > authorizing via signed-in user (ashikeelahi.official@gmail.com)
[info] 
     ######## #### ########  ######## ########     ###     ######  ########
     ##        ##  ##     ## ##       ##     ##  ##   ##  ##       ##
     ######    ##  ########  ######   ########  #########  ######  ######
     ##        ##  ##    ##  ##       ##     ## ##     ##       ## ##
     ##       #### ##     ## ######## ########  ##     ##  ######  ########

You're about to initialize a Firebase project in this directory:

  C:\Programming\Web Development\google-clone-by-ashik

Before we get started, keep in mind:

  * You are currently outside your home directory

[info] 
=== Project Setup
[info] 
[info] First, let's associate this project directory with a Firebase project.
[info] You can create multiple project aliases by running firebase use --add, 
[info] but for now we'll just set up a default project.
[info] 
[debug] [2022-10-07T09:52:29.053Z] >>> [apiv2][query] GET https://firebase.googleapis.com/v1beta1/projects pageSize=100
[debug] [2022-10-07T09:52:29.903Z] <<< [apiv2][status] GET https://firebase.googleapis.com/v1beta1/projects 200
[debug] [2022-10-07T09:52:29.903Z] <<< [apiv2][body] GET https://firebase.googleapis.com/v1beta1/projects [omitted]
[info] i  Using project clone-by-ashik (google-clone-by-ashik) 
[info] 
=== Hosting Setup
[info] 
[info] Your public directory is the folder (relative to your project directory) that
[info] will contain Hosting assets to be uploaded with firebase deploy. If you
[info] have a build process for your assets, use your build's output directory.
[info] 
[debug] [2022-10-07T09:53:16.202Z] >>> [apiv2][query] GET https://www.gstatic.com/firebasejs/releases.json [none]
[debug] [2022-10-07T09:53:16.467Z] <<< [apiv2][status] GET https://www.gstatic.com/firebasejs/releases.json 200
[debug] [2022-10-07T09:53:16.468Z] <<< [apiv2][body] GET https://www.gstatic.com/firebasejs/releases.json {"current":{"version":"9.11.0","browserURL":"https://www.gstatic.com/firebasejs/9.11.0/firebase.js","packageURL":"https://www.gstatic.com/firebasejs/9.11.0/firebase.tgz"},"live":{"version":"9.11","browserURL":"https://www.gstatic.com/firebasejs/live/9.11/firebase.js","packageURL":"https://www.gstatic.com/firebasejs/live/9.11/firebase.tgz"},"components":{"analytics":"https://www.gstatic.com/firebasejs/9.11.0/firebase-analytics.js","app":"https://www.gstatic.com/firebasejs/9.11.0/firebase-app.js","app-check":"https://www.gstatic.com/firebasejs/9.11.0/firebase-app-check.js","auth":"https://www.gstatic.com/firebasejs/9.11.0/firebase-auth.js","auth/cordova":"https://www.gstatic.com/firebasejs/9.11.0/firebase-auth/cordova.js","auth/react-native":"https://www.gstatic.com/firebasejs/9.11.0/firebase-auth/react-native.js","functions":"https://www.gstatic.com/firebasejs/9.11.0/firebase-functions.js","firestore":"https://www.gstatic.com/firebasejs/9.11.0/firebase-firestore.js","firestore/lite":"https://www.gstatic.com/firebasejs/9.11.0/firebase-firestore/lite.js","installations":"https://www.gstatic.com/firebasejs/9.11.0/firebase-installations.js","storage":"https://www.gstatic.com/firebasejs/9.11.0/firebase-storage.js","performance":"https://www.gstatic.com/firebasejs/9.11.0/firebase-performance.js","remote-config":"https://www.gstatic.com/firebasejs/9.11.0/firebase-remote-config.js","messaging":"https://www.gstatic.com/firebasejs/9.11.0/firebase-messaging.js","messaging/sw":"https://www.gstatic.com/firebasejs/9.11.0/firebase-messaging/sw.js","database":"https://www.gstatic.com/firebasejs/9.11.0/firebase-database.js","firestore.memory":"https://www.gstatic.com/firebasejs/9.11.0/firebase-firestore.memory.js"}}
[info] +  Wrote build/index.html 
[info] 
[info] i  Detected a .git folder at C:\Programming\Web Development\google-clone-by-ashik 
[info] i  Authorizing with GitHub to upload your service account to a GitHub repository's secrets store. 
[info] 
[info] Visit this URL on this device to log in:
[info] https://github.com/login/oauth/authorize?client_id=89cf50f02ac6aaed3484&state=76484460&redirect_uri=http%3A%2F%2Flocalhost%3A9005&scope=read%3Auser%20repo%20public_repo
[info] 
[info] Waiting for authentication...
[debug] [2022-10-07T09:53:28.505Z] >>> [apiv2][query] POST https://github.com/login/oauth/access_token [none]
[debug] [2022-10-07T09:53:28.505Z] >>> [apiv2][body] POST https://github.com/login/oauth/access_token [stream]
[debug] [2022-10-07T09:53:29.105Z] <<< [apiv2][status] POST https://github.com/login/oauth/access_token 200
[debug] [2022-10-07T09:53:29.105Z] <<< [apiv2][body] POST https://github.com/login/oauth/access_token {"access_token":"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","token_type":"bearer","scope":"read:user,repo"}
[debug] [2022-10-07T09:53:29.110Z] >>> [apiv2][query] GET https://api.github.com/user [none]
[debug] [2022-10-07T09:53:29.706Z] <<< [apiv2][status] GET https://api.github.com/user 200
[debug] [2022-10-07T09:53:29.707Z] <<< [apiv2][body] GET https://api.github.com/user {"login":"ashikeelahi333","id":114799603,"node_id":"U_kgDOBtez8w","avatar_url":"https://avatars.githubusercontent.com/u/114799603?v=4","gravatar_id":"","url":"https://api.github.com/users/ashikeelahi333","html_url":"https://github.com/ashikeelahi333","followers_url":"https://api.github.com/users/ashikeelahi333/followers","following_url":"https://api.github.com/users/ashikeelahi333/following{/other_user}","gists_url":"https://api.github.com/users/ashikeelahi333/gists{/gist_id}","starred_url":"https://api.github.com/users/ashikeelahi333/starred{/owner}{/repo}","subscriptions_url":"https://api.github.com/users/ashikeelahi333/subscriptions","organizations_url":"https://api.github.com/users/ashikeelahi333/orgs","repos_url":"https://api.github.com/users/ashikeelahi333/repos","events_url":"https://api.github.com/users/ashikeelahi333/events{/privacy}","received_events_url":"https://api.github.com/users/ashikeelahi333/received_events","type":"User","site_admin":false,"name":null,"company":null,"blog":"","location":null,"email":null,"hireable":null,"bio":null,"twitter_username":null,"public_repos":1,"public_gists":0,"followers":0,"following":0,"created_at":"2022-10-01T07:11:34Z","updated_at":"2022-10-01T07:11:34Z","private_gists":0,"total_private_repos":0,"owned_private_repos":0,"disk_usage":533,"collaborators":0,"two_factor_authentication":false,"plan":{"name":"free","space":976562499,"collaborators":0,"private_repos":10000}}
[info] 
[info] +  Success! Logged into GitHub as ashikeelahi333 
[info] 
